{"/home/lborella/Lab/a51-ui-components/jest/setupEnzyme.ts": {"path":"/home/lborella/Lab/a51-ui-components/jest/setupEnzyme.ts","statementMap":{"0":{"start":{"line":1,"column":0},"end":{"line":1,"column":34}},"1":{"start":{"line":2,"column":0},"end":{"line":2,"column":56}},"2":{"start":{"line":3,"column":0},"end":{"line":3,"column":44}}},"fnMap":{},"branchMap":{},"s":{"0":1,"1":1,"2":1},"f":{},"b":{}}
,"/home/lborella/Lab/a51-ui-components/src/components/download-button/download-button.tsx": {"path":"/home/lborella/Lab/a51-ui-components/src/components/download-button/download-button.tsx","statementMap":{"0":{"start":{"line":1,"column":0},"end":{"line":1,"column":30}},"1":{"start":{"line":2,"column":0},"end":{"line":2,"column":29}},"2":{"start":{"line":3,"column":0},"end":{"line":3,"column":30}},"3":{"start":{"line":12,"column":21},"end":{"line":17,"column":1}},"4":{"start":{"line":19,"column":0},"end":{"line":19,"column":45}},"5":{"start":{"line":19,"column":30},"end":{"line":19,"column":64}},"6":{"start":{"line":22,"column":4},"end":{"line":25,"column":5}},"7":{"start":{"line":23,"column":14},"end":{"line":23,"column":64}},"8":{"start":{"line":23,"column":16},"end":{"line":23,"column":20}},"9":{"start":{"line":23,"column":22},"end":{"line":23,"column":27}},"10":{"start":{"line":23,"column":29},"end":{"line":23,"column":33}},"11":{"start":{"line":23,"column":35},"end":{"line":23,"column":64}},"12":{"start":{"line":24,"column":8},"end":{"line":24,"column":88}},"13":{"start":{"line":20,"column":12},"end":{"line":20,"column":39}},"14":{"start":{"line":26,"column":0},"end":{"line":26,"column":1}},"15":{"start":{"line":19,"column":13},"end":{"line":19,"column":21}},"16":{"start":{"line":28,"column":0},"end":{"line":28,"column":24}}},"fnMap":{"0":{"name":"(anonymous_6)","decl":{"start":{"line":19,"column":0},"end":{"line":null,"column":-1}},"loc":{"start":{"line":19,"column":0},"end":{"line":19,"column":-1}}},"1":{"name":"(anonymous_8)","decl":{"start":{"line":22,"column":4},"end":{"line":null,"column":-1}},"loc":{"start":{"line":22,"column":4},"end":{"line":25,"column":5}}}},"branchMap":{},"s":{"0":1,"1":1,"2":1,"3":1,"4":1,"5":1,"6":1,"7":1,"8":1,"9":1,"10":1,"11":1,"12":1,"13":1,"14":1,"15":1,"16":1},"f":{"0":2,"1":1},"b":{}}
}
